-------------------------------------------------------------------------------
Test set: ch.varani.lego.ble.api.BleScannerFactoryTest
-------------------------------------------------------------------------------
Tests run: 4, Failures: 1, Errors: 0, Skipped: 0, Time elapsed: 0.201 s <<< FAILURE! -- in ch.varani.lego.ble.api.BleScannerFactoryTest
ch.varani.lego.ble.api.BleScannerFactoryTest.create_macOs_throwsBleExceptionBecauseNativeLibraryAbsent -- Time elapsed: 0.196 s <<< FAILURE!
org.opentest4j.MultipleFailuresError: 
Multiple Failures (1 failure)
	org.opentest4j.AssertionFailedError: Unexpected message: JniNativeBridge.onDeviceFound method not found — JNI binding error ==> expected: <true> but was: <false>
	at org.junit.jupiter.api.AssertAll.assertAll(AssertAll.java:80)
	at org.junit.jupiter.api.AssertAll.assertAll(AssertAll.java:44)
	at org.junit.jupiter.api.AssertAll.assertAll(AssertAll.java:38)
	at org.junit.jupiter.api.Assertions.assertAll(Assertions.java:2944)
	at ch.varani.lego.ble.api.BleScannerFactoryTest.create_macOs_throwsBleExceptionBecauseNativeLibraryAbsent(BleScannerFactoryTest.java:57)
	at java.base/java.lang.reflect.Method.invoke(Method.java:565)
	at java.base/java.util.ArrayList.forEach(ArrayList.java:1604)
	at java.base/java.util.ArrayList.forEach(ArrayList.java:1604)
	Suppressed: org.opentest4j.AssertionFailedError: Unexpected message: JniNativeBridge.onDeviceFound method not found — JNI binding error ==> expected: <true> but was: <false>
		at org.junit.jupiter.api.AssertionFailureBuilder.build(AssertionFailureBuilder.java:151)
		at org.junit.jupiter.api.AssertionFailureBuilder.buildAndThrow(AssertionFailureBuilder.java:132)
		at org.junit.jupiter.api.AssertTrue.failNotTrue(AssertTrue.java:63)
		at org.junit.jupiter.api.AssertTrue.assertTrue(AssertTrue.java:36)
		at org.junit.jupiter.api.Assertions.assertTrue(Assertions.java:214)
		at ch.varani.lego.ble.api.BleScannerFactoryTest.lambda$create_macOs_throwsBleExceptionBecauseNativeLibraryAbsent$1(BleScannerFactoryTest.java:59)
		at org.junit.jupiter.api.AssertAll.lambda$assertAll$0(AssertAll.java:68)
		at java.base/java.util.stream.ReferencePipeline$3$1.accept(ReferencePipeline.java:214)
		at java.base/java.util.Spliterators$ArraySpliterator.forEachRemaining(Spliterators.java:1024)
		at java.base/java.util.stream.AbstractPipeline.copyInto(AbstractPipeline.java:570)
		at java.base/java.util.stream.AbstractPipeline.wrapAndCopyInto(AbstractPipeline.java:560)
		at java.base/java.util.stream.ReduceOps$ReduceOp.evaluateSequential(ReduceOps.java:921)
		at java.base/java.util.stream.AbstractPipeline.evaluate(AbstractPipeline.java:265)
		at java.base/java.util.stream.ReferencePipeline.collect(ReferencePipeline.java:723)
		at org.junit.jupiter.api.AssertAll.assertAll(AssertAll.java:77)
		... 7 more

