<?xml version="1.0" encoding="UTF-8"?>
<testsuite xmlns:xsi="http://www.w3.org/2001/XMLSchema-instance" xsi:noNamespaceSchemaLocation="https://maven.apache.org/surefire/maven-surefire-plugin/xsd/surefire-test-report.xsd" version="3.0.2" name="ch.varani.lego.ble.api.BleScannerFactoryTest" time="0.004" tests="4" errors="0" skipped="0" failures="0" flakes="0">
  <properties>
[...]
</properties>
  <testcase name="create_macOs_throwsBleExceptionBecauseNativeLibraryAbsent" classname="ch.varani.lego.ble.api.BleScannerFactoryTest" time="0.001"/>
  <testcase name="create_unsupportedOs_throwsBleExceptionWithNoPlatformMessage" classname="ch.varani.lego.ble.api.BleScannerFactoryTest" time="0.001"/>
  <testcase name="constructor_isPrivate_throwsAssertionError" classname="ch.varani.lego.ble.api.BleScannerFactoryTest" time="0.001"/>
  <testcase name="create_throwsBleException_whichIsThrowable" classname="ch.varani.lego.ble.api.BleScannerFactoryTest" time="0.001"/>
</testsuite>